<?xml version="1.0" encoding="UTF-8"?>
<!-- Generated by org.testng.reporters.JUnitReportReporter -->
<testsuite skipped="0" hostname="SANPC" name="tests.NewTest" tests="1" failures="0" timestamp="2019-09-16T17:29:51 IST" time="10.924" errors="0">
  <testcase name="openmyblog" time="10.924" classname="tests.NewTest"/>
</testsuite> <!-- tests.NewTest -->
